This is pdfTeX, Version 3.141592653-2.6-1.40.29 (TeX Live 2026) (preloaded format=pdflatex 2026.3.1)  28 MAY 2026 10:48
entering extended mode
 restricted \write18 enabled.
 %&-line parsing enabled.
**latex/main.tex
(./latex/main.tex
LaTeX2e <2025-11-01>
L3 programming layer <2026-01-19>

(/Users/jiaqi.liu/.local/texlive/2026basic/texmf-dist/tex/latex/base/article.cl
s
Document Class: article 2025/01/22 v1.4n Standard LaTeX document class

(/Users/jiaqi.liu/.local/texlive/2026basic/texmf-dist/tex/latex/base/size11.clo
File: size11.clo 2025/01/22 v1.4n Standard LaTeX file (size option)
)
\c@part=\count275
\c@section=\count276
\c@subsection=\count277
\c@subsubsection=\count278
\c@paragraph=\count279
\c@subparagraph=\count280
\c@figure=\count281
\c@table=\count282
\abovecaptionskip=\skip49
\belowcaptionskip=\skip50
\bibindent=\dimen148
)
(/Users/jiaqi.liu/.local/texlive/2026basic/texmf-dist/tex/latex/booktabs/bookta
bs.sty
Package: booktabs 2020/01/12 v1.61803398 Publication quality tables
\heavyrulewidth=\dimen149
\lightrulewidth=\dimen150
\cmidrulewidth=\dimen151
\belowrulesep=\dimen152
\belowbottomsep=\dimen153
\aboverulesep=\dimen154
\abovetopsep=\dimen155
\cmidrulesep=\dimen156
\cmidrulekern=\dimen157
\defaultaddspace=\dimen158
\@cmidla=\count283
\@cmidlb=\count284
\@aboverulesep=\dimen159
\@belowrulesep=\dimen160
\@thisruleclass=\count285
\@lastruleclass=\count286
\@thisrulewidth=\dimen161
)
(/Users/jiaqi.liu/.local/texlive/2026basic/texmf-dist/tex/latex/graphics/graphi
cx.sty
Package: graphicx 2024/12/31 v1.2e Enhanced LaTeX Graphics (DPC,SPQR)

(/Users/jiaqi.liu/.local/texlive/2026basic/texmf-dist/tex/latex/graphics/keyval
.sty
Package: keyval 2022/05/29 v1.15 key=value parser (DPC)
\KV@toks@=\toks17
)
(/Users/jiaqi.liu/.local/texlive/2026basic/texmf-dist/tex/latex/graphics/graphi
cs.sty
Package: graphics 2024/08/06 v1.4g Standard LaTeX Graphics (DPC,SPQR)

(/Users/jiaqi.liu/.local/texlive/2026basic/texmf-dist/tex/latex/graphics/trig.s
ty
Package: trig 2023/12/02 v1.11 sin cos tan (DPC)
)
(/Users/jiaqi.liu/.local/texlive/2026basic/texmf-dist/tex/latex/graphics-cfg/gr
aphics.cfg
File: graphics.cfg 2016/06/04 v1.11 sample graphics configuration
)
Package graphics Info: Driver file: pdftex.def on input line 106.

(/Users/jiaqi.liu/.local/texlive/2026basic/texmf-dist/tex/latex/graphics-def/pd
ftex.def
File: pdftex.def 2025/09/29 v1.2d Graphics/color driver for pdftex
))
\Gin@req@height=\dimen162
\Gin@req@width=\dimen163
)
(/Users/jiaqi.liu/.local/texlive/2026basic/texmf-dist/tex/latex/caption/subcapt
ion.sty
Package: subcaption 2023/07/28 v1.6b Sub-captions (AR)

(/Users/jiaqi.liu/.local/texlive/2026basic/texmf-dist/tex/latex/caption/caption
.sty
Package: caption 2023/08/05 v3.6o Customizing captions (AR)

(/Users/jiaqi.liu/.local/texlive/2026basic/texmf-dist/tex/latex/caption/caption
3.sty
Package: caption3 2023/07/31 v2.4d caption3 kernel (AR)
\caption@tempdima=\dimen164
\captionmargin=\dimen165
\caption@leftmargin=\dimen166
\caption@rightmargin=\dimen167
\caption@width=\dimen168
\caption@indent=\dimen169
\caption@parindent=\dimen170
\caption@hangindent=\dimen171
Package caption Info: Standard document class detected.
)
\c@caption@flags=\count287
\c@continuedfloat=\count288
)
Package caption Info: New subtype `subfigure' on input line 238.
\c@subfigure=\count289
Package caption Info: New subtype `subtable' on input line 238.
\c@subtable=\count290
)
(/Users/jiaqi.liu/.local/texlive/2026basic/texmf-dist/tex/latex/siunitx/siunitx
.sty
Package: siunitx 2026-05-15 v3.5.5 A comprehensive (SI) units package
\l__siunitx_number_uncert_offset_int=\count291
\l__siunitx_number_exponent_fixed_int=\count292
\l__siunitx_number_min_decimal_int=\count293
\l__siunitx_number_min_integer_int=\count294
\l__siunitx_number_round_precision_int=\count295
\l__siunitx_number_lower_threshold_int=\count296
\l__siunitx_number_upper_threshold_int=\count297
\l__siunitx_number_group_first_int=\count298
\l__siunitx_number_group_size_int=\count299
\l__siunitx_number_group_min_int=\count300
\l__siunitx_number_group_minimum_int=\count301
\l__siunitx_compound_count_int=\count302

(/Users/jiaqi.liu/.local/texlive/2026basic/texmf-dist/tex/latex/amsmath/amstext
.sty
Package: amstext 2024/11/17 v2.01 AMS text

(/Users/jiaqi.liu/.local/texlive/2026basic/texmf-dist/tex/latex/amsmath/amsgen.
sty
File: amsgen.sty 1999/11/30 v2.0 generic functions
\@emptytoks=\toks18
\ex@=\dimen172
))
\l__siunitx_table_tmp_box=\box53
\l__siunitx_table_tmp_dim=\dimen173
\l__siunitx_table_column_width_dim=\dimen174
\l__siunitx_table_integer_box=\box54
\l__siunitx_table_decimal_box=\box55
\l__siunitx_table_uncert_box=\box56
\l__siunitx_table_before_box=\box57
\l__siunitx_table_after_box=\box58
\l__siunitx_table_before_dim=\dimen175
\l__siunitx_table_carry_dim=\dimen176
\l__siunitx_unit_tmp_int=\count303
\l__siunitx_unit_position_int=\count304
\l__siunitx_unit_total_int=\count305
\l__siunitx_sexagesimal_tmp_dim=\dimen177
\l__siunitx_sexagesimal_marker_box=\box59
\l__siunitx_sexagesimal_unit_box=\box60

(/Users/jiaqi.liu/.local/texlive/2026basic/texmf-dist/tex/latex/tools/array.sty
Package: array 2025/09/25 v2.6n Tabular extension package (FMi)
\col@sep=\dimen178
\ar@mcellbox=\box61
\extrarowheight=\dimen179
\NC@list=\toks19
\extratabsurround=\skip51
\backup@length=\skip52
\ar@cellbox=\box62
))
(/Users/jiaqi.liu/.local/texlive/2026basic/texmf-dist/tex/latex/geometry/geomet
ry.sty
Package: geometry 2020/01/02 v5.9 Page Geometry

(/Users/jiaqi.liu/.local/texlive/2026basic/texmf-dist/tex/generic/iftex/ifvtex.
sty
Package: ifvtex 2019/10/25 v1.7 ifvtex legacy package. Use iftex instead.

(/Users/jiaqi.liu/.local/texlive/2026basic/texmf-dist/tex/generic/iftex/iftex.s
ty
Package: iftex 2024/12/12 v1.0g TeX engine tests
))
\Gm@cnth=\count306
\Gm@cntv=\count307
\c@Gm@tempcnt=\count308
\Gm@bindingoffset=\dimen180
\Gm@wd@mp=\dimen181
\Gm@odd@mp=\dimen182
\Gm@even@mp=\dimen183
\Gm@layoutwidth=\dimen184
\Gm@layoutheight=\dimen185
\Gm@layouthoffset=\dimen186
\Gm@layoutvoffset=\dimen187
\Gm@dimlist=\toks20
)
(/Users/jiaqi.liu/.local/texlive/2026basic/texmf-dist/tex/latex/float/float.sty
Package: float 2001/11/08 v1.3d Float enhancements (AL)
\c@float@type=\count309
\float@exts=\toks21
\float@box=\box63
\@float@everytoks=\toks22
\@floatcapt=\box64
)
(/Users/jiaqi.liu/.local/texlive/2026basic/texmf-dist/tex/latex/hyperref/hyperr
ef.sty
Package: hyperref 2026-01-29 v7.01p Hypertext links for LaTeX

(/Users/jiaqi.liu/.local/texlive/2026basic/texmf-dist/tex/latex/kvsetkeys/kvset
keys.sty
Package: kvsetkeys 2022-10-05 v1.19 Key value parser (HO)
)
(/Users/jiaqi.liu/.local/texlive/2026basic/texmf-dist/tex/generic/kvdefinekeys/
kvdefinekeys.sty
Package: kvdefinekeys 2019-12-19 v1.6 Define keys (HO)
)
(/Users/jiaqi.liu/.local/texlive/2026basic/texmf-dist/tex/generic/pdfescape/pdf
escape.sty
Package: pdfescape 2019/12/09 v1.15 Implements pdfTeX's escape features (HO)

(/Users/jiaqi.liu/.local/texlive/2026basic/texmf-dist/tex/generic/ltxcmds/ltxcm
ds.sty
Package: ltxcmds 2023-12-04 v1.26 LaTeX kernel commands for general use (HO)
)
(/Users/jiaqi.liu/.local/texlive/2026basic/texmf-dist/tex/generic/pdftexcmds/pd
ftexcmds.sty
Package: pdftexcmds 2020-06-27 v0.33 Utility functions of pdfTeX for LuaTeX (HO
)

(/Users/jiaqi.liu/.local/texlive/2026basic/texmf-dist/tex/generic/infwarerr/inf
warerr.sty
Package: infwarerr 2019/12/03 v1.5 Providing info/warning/error messages (HO)
)
Package pdftexcmds Info: \pdf@primitive is available.
Package pdftexcmds Info: \pdf@ifprimitive is available.
Package pdftexcmds Info: \pdfdraftmode found.
))
(/Users/jiaqi.liu/.local/texlive/2026basic/texmf-dist/tex/latex/hycolor/hycolor
.sty
Package: hycolor 2020-01-27 v1.10 Color options for hyperref/bookmark (HO)
)
(/Users/jiaqi.liu/.local/texlive/2026basic/texmf-dist/tex/latex/hyperref/namere
f.sty
Package: nameref 2026-01-29 v2.58 Cross-referencing by name of section

(/Users/jiaqi.liu/.local/texlive/2026basic/texmf-dist/tex/latex/refcount/refcou
nt.sty
Package: refcount 2019/12/15 v3.6 Data extraction from label references (HO)
)
(/Users/jiaqi.liu/.local/texlive/2026basic/texmf-dist/tex/generic/gettitlestrin
g/gettitlestring.sty
Package: gettitlestring 2019/12/15 v1.6 Cleanup title references (HO)

(/Users/jiaqi.liu/.local/texlive/2026basic/texmf-dist/tex/latex/kvoptions/kvopt
ions.sty
Package: kvoptions 2022-06-15 v3.15 Key value format for package options (HO)
))
\c@section@level=\count310
)
(/Users/jiaqi.liu/.local/texlive/2026basic/texmf-dist/tex/latex/etoolbox/etoolb
ox.sty
Package: etoolbox 2025/10/02 v2.5m e-TeX tools for LaTeX (JAW)
\etb@tempcnta=\count311
)
(/Users/jiaqi.liu/.local/texlive/2026basic/texmf-dist/tex/generic/stringenc/str
ingenc.sty
Package: stringenc 2019/11/29 v1.12 Convert strings between diff. encodings (HO
)
)
\@linkdim=\dimen188
\Hy@linkcounter=\count312
\Hy@pagecounter=\count313

(/Users/jiaqi.liu/.local/texlive/2026basic/texmf-dist/tex/latex/hyperref/pd1enc
.def
File: pd1enc.def 2026-01-29 v7.01p Hyperref: PDFDocEncoding definition (HO)
Now handling font encoding PD1 ...
... no UTF-8 mapping file for font encoding PD1
)
(/Users/jiaqi.liu/.local/texlive/2026basic/texmf-dist/tex/generic/intcalc/intca
lc.sty
Package: intcalc 2019/12/15 v1.3 Expandable calculations with integers (HO)
)
\Hy@SavedSpaceFactor=\count314

(/Users/jiaqi.liu/.local/texlive/2026basic/texmf-dist/tex/latex/hyperref/puenc.
def
File: puenc.def 2026-01-29 v7.01p Hyperref: PDF Unicode definition (HO)
Now handling font encoding PU ...
... no UTF-8 mapping file for font encoding PU
)
Package hyperref Info: Hyper figures OFF on input line 4201.
Package hyperref Info: Link nesting OFF on input line 4206.
Package hyperref Info: Hyper index ON on input line 4209.
Package hyperref Info: Plain pages OFF on input line 4216.
Package hyperref Info: Backreferencing OFF on input line 4221.
Package hyperref Info: Implicit mode ON; LaTeX internals redefined.
Package hyperref Info: Bookmarks ON on input line 4468.
\c@Hy@tempcnt=\count315

(/Users/jiaqi.liu/.local/texlive/2026basic/texmf-dist/tex/latex/url/url.sty
\Urlmuskip=\muskip17
Package: url 2013/09/16  ver 3.4  Verb mode for urls, etc.
)
LaTeX Info: Redefining \url on input line 4807.
\XeTeXLinkMargin=\dimen189

(/Users/jiaqi.liu/.local/texlive/2026basic/texmf-dist/tex/generic/bitset/bitset
.sty
Package: bitset 2019/12/09 v1.3 Handle bit-vector datatype (HO)

(/Users/jiaqi.liu/.local/texlive/2026basic/texmf-dist/tex/generic/bigintcalc/bi
gintcalc.sty
Package: bigintcalc 2019/12/15 v1.5 Expandable calculations on big integers (HO
)
))
\Fld@menulength=\count316
\Field@Width=\dimen190
\Fld@charsize=\dimen191
Package hyperref Info: Hyper figures OFF on input line 6084.
Package hyperref Info: Link nesting OFF on input line 6089.
Package hyperref Info: Hyper index ON on input line 6092.
Package hyperref Info: backreferencing OFF on input line 6099.
Package hyperref Info: Link coloring OFF on input line 6104.
Package hyperref Info: Link coloring with OCG OFF on input line 6109.
Package hyperref Info: PDF/A mode OFF on input line 6114.
\Hy@abspage=\count317
\c@Item=\count318
\c@Hfootnote=\count319
)
Package hyperref Info: Driver (autodetected): hpdftex.

(/Users/jiaqi.liu/.local/texlive/2026basic/texmf-dist/tex/latex/hyperref/hpdfte
x.def
File: hpdftex.def 2026-01-29 v7.01p Hyperref driver for pdfTeX
\Fld@listcount=\count320
\c@bookmark@seq@number=\count321

(/Users/jiaqi.liu/.local/texlive/2026basic/texmf-dist/tex/latex/rerunfilecheck/
rerunfilecheck.sty
Package: rerunfilecheck 2025-06-21 v1.11 Rerun checks for auxiliary files (HO)

(/Users/jiaqi.liu/.local/texlive/2026basic/texmf-dist/tex/generic/uniquecounter
/uniquecounter.sty
Package: uniquecounter 2019/12/15 v1.4 Provide unlimited unique counter (HO)
)
Package uniquecounter Info: New unique counter `rerunfilecheck' on input line 2
84.
)
\Hy@SectionHShift=\skip53
)
(/Users/jiaqi.liu/.local/texlive/2026basic/texmf-dist/tex/latex/cleveref/clever
ef.sty
Package: cleveref 2018/03/27 v0.21.4 Intelligent cross-referencing
Package cleveref Info: `hyperref' support loaded on input line 2370.
LaTeX Info: Redefining \cref on input line 2370.
LaTeX Info: Redefining \Cref on input line 2370.
LaTeX Info: Redefining \crefrange on input line 2370.
LaTeX Info: Redefining \Crefrange on input line 2370.
LaTeX Info: Redefining \cpageref on input line 2370.
LaTeX Info: Redefining \Cpageref on input line 2370.
LaTeX Info: Redefining \cpagerefrange on input line 2370.
LaTeX Info: Redefining \Cpagerefrange on input line 2370.
LaTeX Info: Redefining \labelcref on input line 2370.
LaTeX Info: Redefining \labelcpageref on input line 2370.
)
==> First Aid for cleveref.sty applied!

(/Users/jiaqi.liu/.local/texlive/2026basic/texmf-dist/tex/latex/bookmark/bookma
rk.sty
Package: bookmark 2023-12-10 v1.31 PDF bookmarks (HO)

(/Users/jiaqi.liu/.local/texlive/2026basic/texmf-dist/tex/latex/bookmark/bkm-pd
ftex.def
File: bkm-pdftex.def 2023-12-10 v1.31 bookmark driver for pdfTeX and luaTeX (HO
)
\BKM@id=\count322
))
(/Users/jiaqi.liu/.local/texlive/2026basic/texmf-dist/tex/latex/graphics/color.
sty
Package: color 2025/01/14 v1.3e Standard LaTeX Color (DPC)

(/Users/jiaqi.liu/.local/texlive/2026basic/texmf-dist/tex/latex/graphics-cfg/co
lor.cfg
File: color.cfg 2016/01/02 v1.6 sample color configuration
)
Package color Info: Driver file: pdftex.def on input line 149.

(/Users/jiaqi.liu/.local/texlive/2026basic/texmf-dist/tex/latex/graphics/mathco
lor.ltx))
(/Users/jiaqi.liu/.local/texlive/2026basic/texmf-dist/tex/latex/l3backend/l3bac
kend-pdftex.def
File: l3backend-pdftex.def 2025-10-09 L3 backend support: PDF output (pdfTeX)
\l__color_backend_stack_int=\count323
) (latex/main.aux)
\openout1 = `main.aux'.

LaTeX Font Info:    Checking defaults for OML/cmm/m/it on input line 29.
LaTeX Font Info:    ... okay on input line 29.
LaTeX Font Info:    Checking defaults for OMS/cmsy/m/n on input line 29.
LaTeX Font Info:    ... okay on input line 29.
LaTeX Font Info:    Checking defaults for OT1/cmr/m/n on input line 29.
LaTeX Font Info:    ... okay on input line 29.
LaTeX Font Info:    Checking defaults for T1/cmr/m/n on input line 29.
LaTeX Font Info:    ... okay on input line 29.
LaTeX Font Info:    Checking defaults for TS1/cmr/m/n on input line 29.
LaTeX Font Info:    ... okay on input line 29.
LaTeX Font Info:    Checking defaults for OMX/cmex/m/n on input line 29.
LaTeX Font Info:    ... okay on input line 29.
LaTeX Font Info:    Checking defaults for U/cmr/m/n on input line 29.
LaTeX Font Info:    ... okay on input line 29.
LaTeX Font Info:    Checking defaults for PD1/pdf/m/n on input line 29.
LaTeX Font Info:    ... okay on input line 29.
LaTeX Font Info:    Checking defaults for PU/pdf/m/n on input line 29.
LaTeX Font Info:    ... okay on input line 29.

(/Users/jiaqi.liu/.local/texlive/2026basic/texmf-dist/tex/context/base/mkii/sup
p-pdf.mkii
[Loading MPS to PDF converter (version 2006.09.02).]
\scratchcounter=\count324
\scratchdimen=\dimen192
\scratchbox=\box65
\nofMPsegments=\count325
\nofMParguments=\count326
\everyMPshowfont=\toks23
\MPscratchCnt=\count327
\MPscratchDim=\dimen193
\MPnumerator=\count328
\makeMPintoPDFobject=\count329
\everyMPtoPDFconversion=\toks24
)
(/Users/jiaqi.liu/.local/texlive/2026basic/texmf-dist/tex/latex/epstopdf-pkg/ep
stopdf-base.sty
Package: epstopdf-base 2020-01-24 v2.11 Base part for package epstopdf
Package epstopdf-base Info: Redefining graphics rule for `.eps' on input line 4
85.

(/Users/jiaqi.liu/.local/texlive/2026basic/texmf-dist/tex/latex/latexconfig/eps
topdf-sys.cfg
File: epstopdf-sys.cfg 2010/07/13 v1.3 Configuration of (r)epstopdf for TeX Liv
e
))
Package caption Info: Begin \AtBeginDocument code.
Package caption Info: float package is loaded.
Package caption Info: hyperref package is loaded.
Package caption Info: End \AtBeginDocument code.

*geometry* driver: auto-detecting
*geometry* detected driver: pdftex
*geometry* verbose mode - [ preamble ] result:
* driver: pdftex
* paper: a4paper
* layout: <same size as paper>
* layoutoffset:(h,v)=(0.0pt,0.0pt)
* modes: 
* h-part:(L,W,R)=(72.26999pt, 452.9679pt, 72.26999pt)
* v-part:(T,H,B)=(72.26999pt, 700.50687pt, 72.26999pt)
* \paperwidth=597.50787pt
* \paperheight=845.04684pt
* \textwidth=452.9679pt
* \textheight=700.50687pt
* \oddsidemargin=0.0pt
* \evensidemargin=0.0pt
* \topmargin=-37.0pt
* \headheight=12.0pt
* \headsep=25.0pt
* \topskip=11.0pt
* \footskip=30.0pt
* \marginparwidth=50.0pt
* \marginparsep=10.0pt
* \columnsep=10.0pt
* \skip\footins=10.0pt plus 4.0pt minus 2.0pt
* \hoffset=0.0pt
* \voffset=0.0pt
* \mag=1000
* \@twocolumnfalse
* \@twosidefalse
* \@mparswitchfalse
* \@reversemarginfalse
* (1in=72.27pt=25.4mm, 1cm=28.453pt)

Package hyperref Info: Link coloring OFF on input line 29.
LaTeX Font Info:    External font `cmex10' loaded for size
(Font)              <12> on input line 32.
LaTeX Font Info:    External font `cmex10' loaded for size
(Font)              <8> on input line 32.
LaTeX Font Info:    External font `cmex10' loaded for size
(Font)              <6> on input line 32.
(latex/sections/01_introduction.tex [1

{/Users/jiaqi.liu/.local/texlive/2026basic/texmf-var/fonts/map/pdftex/updmap/pd
ftex.map}])
(latex/sections/02_methods.tex
LaTeX Font Info:    External font `cmex10' loaded for size
(Font)              <10.95> on input line 5.

Overfull \hbox (4.84851pt too wide) in paragraph at lines 5--6
\OT1/cmr/m/n/10.95 prob-lems across six hint types: \OT1/cmr/m/it/10.95 syco-ph
ancy\OT1/cmr/m/n/10.95 , \OT1/cmr/m/it/10.95 con-sis-tency\OT1/cmr/m/n/10.95 , 
\OT1/cmr/m/it/10.95 vi-sual[]pattern\OT1/cmr/m/n/10.95 , \OT1/cmr/m/it/10.95 me
ta-data\OT1/cmr/m/n/10.95 , \OT1/cmr/m/it/10.95 grader[]hacking\OT1/cmr/m/n/10.
95 ,
 []

LaTeX Font Info:    Font shape `OT1/cmtt/bx/n' in size <10.95> not available
(Font)              Font shape `OT1/cmtt/m/n' tried instead on input line 20.
[2]) (latex/sections/03_behavioral_results.tex (latex/tables/label_counts.tex)
<figures/label_distribution.pdf, id=35, 503.39943pt x 324.89192pt>
File: figures/label_distribution.pdf Graphic file (type pdf)
<use figures/label_distribution.pdf>
Package pdftex.def Info: figures/label_distribution.pdf  used on input line 16.

(pdftex.def)             Requested size: 362.37569pt x 233.88232pt.

(latex/tables/behavior_summary.tex
LaTeX Font Info:    External font `cmex10' loaded for size
(Font)              <7> on input line 1.
LaTeX Font Info:    External font `cmex10' loaded for size
(Font)              <5> on input line 1.
) [3 <latex/figures/label_distribution.pdf>]) (latex/sections/04_mechanistic_re
sults.tex (latex/tables/probe_results.tex)
Overfull \hbox (333.6428pt too wide) in paragraph at lines 1--10
 [][] 
 []

<figures/probe_auc.pdf, id=101, 655.68701pt x 339.30515pt>
File: figures/probe_auc.pdf Graphic file (type pdf)
<use figures/probe_auc.pdf>
Package pdftex.def Info: figures/probe_auc.pdf  used on input line 16.
(pdftex.def)             Requested size: 362.37569pt x 187.52962pt.
[4] (latex/tables/patching_results.tex)
<figures/patching_flips.pdf, id=114, 497.0162pt x 339.30515pt>
File: figures/patching_flips.pdf Graphic file (type pdf)
<use figures/patching_flips.pdf>
Package pdftex.def Info: figures/patching_flips.pdf  used on input line 35.
(pdftex.def)             Requested size: 362.37569pt x 247.39557pt.
 [5 <latex/figures/probe_auc.pdf>]
(latex/tables/rawr_vs_faithful.tex)
<figures/rawr_vs_faithful.pdf, id=182, 497.0162pt x 339.30515pt>
File: figures/rawr_vs_faithful.pdf Graphic file (type pdf)
<use figures/rawr_vs_faithful.pdf>
Package pdftex.def Info: figures/rawr_vs_faithful.pdf  used on input line 52.
(pdftex.def)             Requested size: 362.37569pt x 247.39557pt.
 [6 <latex/figures/patching_flips.pdf>])
(latex/sections/05_discussion.tex [7 <latex/figures/rawr_vs_faithful.pdf>])
No file main.bbl.
[8] (latex/main.aux)
 ***********
LaTeX2e <2025-11-01>
L3 programming layer <2026-01-19>
 ***********
 ) 
Here is how much of TeX's memory you used:
 15867 strings out of 469006
 318243 string characters out of 5454814
 726341 words of memory out of 5000000
 44362 multiletter control sequences out of 15000+600000
 634223 words of font info for 62 fonts, out of 8000000 for 9000
 319 hyphenation exceptions out of 8191
 75i,8n,79p,549b,1113s stack positions out of 10000i,1000n,20000p,200000b,200000s
 </Users/jiaqi.liu/Library/texlive/2026basic/texmf-var/fonts/pk/ljfour/jknapp
en/ec/tcrm1095.600pk></Users/jiaqi.liu/.local/texlive/2026basic/texmf-dist/font
s/type1/public/amsfonts/cm/cmbx10.pfb></Users/jiaqi.liu/.local/texlive/2026basi
c/texmf-dist/fonts/type1/public/amsfonts/cm/cmbx12.pfb></Users/jiaqi.liu/.local
/texlive/2026basic/texmf-dist/fonts/type1/public/amsfonts/cm/cmmi10.pfb></Users
/jiaqi.liu/.local/texlive/2026basic/texmf-dist/fonts/type1/public/amsfonts/cm/c
mr10.pfb></Users/jiaqi.liu/.local/texlive/2026basic/texmf-dist/fonts/type1/publ
ic/amsfonts/cm/cmr12.pfb></Users/jiaqi.liu/.local/texlive/2026basic/texmf-dist/
fonts/type1/public/amsfonts/cm/cmr17.pfb></Users/jiaqi.liu/.local/texlive/2026b
asic/texmf-dist/fonts/type1/public/amsfonts/cm/cmr8.pfb></Users/jiaqi.liu/.loca
l/texlive/2026basic/texmf-dist/fonts/type1/public/amsfonts/cm/cmsy10.pfb></User
s/jiaqi.liu/.local/texlive/2026basic/texmf-dist/fonts/type1/public/amsfonts/cm/
cmti10.pfb></Users/jiaqi.liu/.local/texlive/2026basic/texmf-dist/fonts/type1/pu
blic/amsfonts/cm/cmtt10.pfb>
Output written on latex/main.pdf (8 pages, 213180 bytes).
PDF statistics:
 436 PDF objects out of 1000 (max. 8388607)
 217 compressed objects within 3 object streams
 52 named destinations out of 1000 (max. 500000)
 189 words of extra memory for PDF output out of 10000 (max. 10000000)

